<?xml version="1.0" encoding="UTF-8"?>
<!-- Generated by org.testng.reporters.JUnitReportReporter -->
<testsuite skipped="0" hostname="LAPTOP-C4QLKEEG" name="responseValidation.StaticResponseValidation" tests="1" failures="0" timestamp="2022-02-10T16:18:34 IST" time="7.567" errors="0">
  <testcase name="verify" time="7.567" classname="responseValidation.StaticResponseValidation"/>
  <system-out/>
</testsuite> <!-- responseValidation.StaticResponseValidation -->
