<?xml version="1.0" encoding="UTF-8"?>
<!-- Generated by org.testng.reporters.JUnitReportReporter -->
<testsuite skipped="0" hostname="LAPTOP-C4QLKEEG" name="practiceCRUDWithoutBDD.UpdateProject" tests="1" failures="0" timestamp="2022-02-09T22:23:58 IST" time="5.606" errors="0">
  <testcase name="updateProject" time="5.606" classname="practiceCRUDWithoutBDD.UpdateProject"/>
  <system-out/>
</testsuite> <!-- practiceCRUDWithoutBDD.UpdateProject -->
