<?xml version="1.0" encoding="UTF-8"?>
<!-- Generated by org.testng.reporters.JUnitReportReporter -->
<testsuite skipped="0" hostname="LAPTOP-C4QLKEEG" name="Assignment.AddProjectWithOnGoingStatus" tests="1" failures="0" timestamp="2022-02-11T17:43:47 IST" time="7.687" errors="0">
  <testcase name="addSingleProject" time="7.687" classname="Assignment.AddProjectWithOnGoingStatus"/>
  <system-out/>
</testsuite> <!-- Assignment.AddProjectWithOnGoingStatus -->
