<?xml version="1.0" encoding="UTF-8"?>
<!-- Generated by org.testng.reporters.JUnitReportReporter -->
<testsuite skipped="0" hostname="LAPTOP-C4QLKEEG" name="practiceCRUDWithBDD.UpdateTest" tests="1" failures="0" timestamp="2022-02-10T14:00:27 IST" time="6.246" errors="0">
  <testcase name="update" time="6.246" classname="practiceCRUDWithBDD.UpdateTest"/>
  <system-out/>
</testsuite> <!-- practiceCRUDWithBDD.UpdateTest -->
