<?xml version="1.0" encoding="UTF-8"?>
<!-- Generated by org.testng.reporters.JUnitReportReporter -->
<testsuite skipped="0" hostname="LAPTOP-C4QLKEEG" name="Authentication.OAuth2" tests="1" failures="0" timestamp="2022-02-11T17:05:44 IST" time="8.689" errors="0">
  <testcase name="auth" time="8.689" classname="Authentication.OAuth2"/>
  <system-out/>
</testsuite> <!-- Authentication.OAuth2 -->
