<?xml version="1.0" encoding="UTF-8"?>
<!-- Generated by org.testng.reporters.JUnitReportReporter -->
<testsuite skipped="0" hostname="LAPTOP-C4QLKEEG" name="Authentication.DigestiveAuthentication" tests="1" failures="0" timestamp="2022-02-11T16:27:50 IST" time="5.265" errors="0">
  <testcase name="preemptive" time="5.265" classname="Authentication.DigestiveAuthentication"/>
  <system-out/>
</testsuite> <!-- Authentication.DigestiveAuthentication -->
