<?xml version="1.0" encoding="UTF-8"?>
<!-- Generated by org.testng.reporters.JUnitReportReporter -->
<testsuite skipped="0" hostname="LAPTOP-C4QLKEEG" name="waysToPostRequest.CreateAResourceUsingHashMapTest" tests="1" failures="0" timestamp="2022-02-10T14:15:56 IST" time="6.074" errors="0">
  <testcase name="create" time="6.074" classname="waysToPostRequest.CreateAResourceUsingHashMapTest"/>
  <system-out/>
</testsuite> <!-- waysToPostRequest.CreateAResourceUsingHashMapTest -->
