<?xml version="1.0" encoding="UTF-8"?>
<!-- Generated by org.testng.reporters.JUnitReportReporter -->
<testsuite skipped="0" hostname="LAPTOP-C4QLKEEG" name="waysToPostRequest.CreateAResourceUsingPojo" tests="1" failures="0" timestamp="2022-02-10T14:58:58 IST" time="5.922" errors="0">
  <testcase name="create" time="5.922" classname="waysToPostRequest.CreateAResourceUsingPojo"/>
  <system-out/>
</testsuite> <!-- waysToPostRequest.CreateAResourceUsingPojo -->
