<?xml version="1.0" encoding="UTF-8"?>
<!-- Generated by org.testng.reporters.JUnitReportReporter -->
<testsuite skipped="0" hostname="LAPTOP-C4QLKEEG" name="practiceCRUDWithBDD.CreateAResource" tests="1" failures="0" timestamp="2022-02-10T13:58:13 IST" time="6.505" errors="0">
  <testcase name="create" time="6.505" classname="practiceCRUDWithBDD.CreateAResource"/>
  <system-out/>
</testsuite> <!-- practiceCRUDWithBDD.CreateAResource -->
