<?xml version="1.0" encoding="UTF-8"?>
<!-- Generated by org.testng.reporters.JUnitReportReporter -->
<testsuite skipped="0" hostname="LAPTOP-C4QLKEEG" name="Authentication.BearerTokenTest" tests="1" failures="0" timestamp="2022-02-11T16:18:27 IST" time="7.172" errors="0">
  <testcase name="bearerAuth" time="7.172" classname="Authentication.BearerTokenTest"/>
  <system-out/>
</testsuite> <!-- Authentication.BearerTokenTest -->
