<?xml version="1.0" encoding="UTF-8"?>
<!-- Generated by org.testng.reporters.JUnitReportReporter -->
<testsuite skipped="0" hostname="LAPTOP-C4QLKEEG" name="practiceCRUDWithoutBDD.CreateProject" tests="1" failures="0" timestamp="2022-02-09T22:22:10 IST" time="5.578" errors="0">
  <testcase name="createProject" time="5.578" classname="practiceCRUDWithoutBDD.CreateProject"/>
  <system-out/>
</testsuite> <!-- practiceCRUDWithoutBDD.CreateProject -->
