<?xml version="1.0" encoding="UTF-8"?>
<!-- Generated by org.testng.reporters.JUnitReportReporter -->
<testsuite skipped="0" hostname="LAPTOP-C4QLKEEG" name="com.rmgYantraTests.CreateResourceAndVerifyInDtabase" tests="1" failures="0" timestamp="2022-02-12T20:10:09 IST" time="6.476" errors="0">
  <testcase name="createResourceAndVerifyInDbTest" time="6.476" classname="com.rmgYantraTests.CreateResourceAndVerifyInDtabase"/>
  <system-out>
    <![CDATA[TY_PROJ_2003
data verification succesfull]]>
  </system-out>
</testsuite> <!-- com.rmgYantraTests.CreateResourceAndVerifyInDtabase -->
