<?xml version="1.0" encoding="UTF-8"?>
<!-- Generated by org.testng.reporters.JUnitReportReporter -->
<testsuite skipped="0" hostname="LAPTOP-C4QLKEEG" name="responseValidation.DynamicResponseValidationTest" tests="1" failures="0" timestamp="2022-02-11T14:19:06 IST" time="7.359" errors="0">
  <testcase name="verify" time="7.359" classname="responseValidation.DynamicResponseValidationTest"/>
  <system-out/>
</testsuite> <!-- responseValidation.DynamicResponseValidationTest -->
