<?xml version="1.0" encoding="UTF-8"?>
<!-- Generated by org.testng.reporters.JUnitReportReporter -->
<testsuite skipped="0" hostname="LAPTOP-C4QLKEEG" name="Assignment.CreateProjectAndAllocateUser" tests="1" failures="0" timestamp="2022-02-12T18:29:27 IST" time="9.445" errors="0">
  <testcase name="create" time="9.445" classname="Assignment.CreateProjectAndAllocateUser"/>
  <system-out>
    <![CDATA[data Verified succesfully]]>
  </system-out>
</testsuite> <!-- Assignment.CreateProjectAndAllocateUser -->
