<?xml version="1.0" encoding="UTF-8"?>
<!-- Generated by org.testng.reporters.JUnitReportReporter -->
<testsuite skipped="0" hostname="LAPTOP-C4QLKEEG" name="practiceCRUDWithoutBDD.GetAllProjects" tests="1" failures="0" timestamp="2022-02-09T21:54:25 IST" time="4.907" errors="0">
  <testcase name="getallProjects" time="4.907" classname="practiceCRUDWithoutBDD.GetAllProjects"/>
  <system-out/>
</testsuite> <!-- practiceCRUDWithoutBDD.GetAllProjects -->
