<?xml version="1.0" encoding="UTF-8"?>
<!-- Generated by org.testng.reporters.JUnitReportReporter -->
<testsuite skipped="0" hostname="LAPTOP-C4QLKEEG" name="responseValidation.VerifyResponseTimeUsingHamcrestTest" tests="1" failures="0" timestamp="2022-02-10T16:43:03 IST" time="4.692" errors="0">
  <testcase name="verify" time="4.692" classname="responseValidation.VerifyResponseTimeUsingHamcrestTest"/>
  <system-out/>
</testsuite> <!-- responseValidation.VerifyResponseTimeUsingHamcrestTest -->
