<?xml version="1.0" encoding="UTF-8"?>
<!-- Generated by org.testng.reporters.JUnitReportReporter -->
<testsuite skipped="0" hostname="LAPTOP-C4QLKEEG" name="parametersAndAuthentication.PathAndQuerryParameters" tests="1" failures="0" timestamp="2022-02-11T12:55:24 IST" time="6.829" errors="0">
  <testcase name="params" time="6.829" classname="parametersAndAuthentication.PathAndQuerryParameters"/>
  <system-out/>
</testsuite> <!-- parametersAndAuthentication.PathAndQuerryParameters -->
