<?xml version="1.0" encoding="UTF-8"?>
<!-- Generated by org.testng.reporters.JUnitReportReporter -->
<testsuite skipped="0" hostname="LAPTOP-C4QLKEEG" name="waysToPostRequest.CreateAResourceUsingJsonObjectTest" tests="1" failures="0" timestamp="2022-02-10T14:25:47 IST" time="6.079" errors="0">
  <testcase name="create" time="6.079" classname="waysToPostRequest.CreateAResourceUsingJsonObjectTest"/>
  <system-out/>
</testsuite> <!-- waysToPostRequest.CreateAResourceUsingJsonObjectTest -->
