<?xml version="1.0" encoding="UTF-8"?>
<!-- Generated by org.testng.reporters.JUnitReportReporter -->
<testsuite skipped="0" hostname="LAPTOP-C4QLKEEG" name="responseValidation.CreateMultipleDataTest" tests="2" failures="0" timestamp="2022-02-10T17:22:59 IST" time="5.830" errors="0">
  <testcase name="create" time="0.188" classname="responseValidation.CreateMultipleDataTest"/>
  <system-out/>
  <testcase name="create" time="5.642" classname="responseValidation.CreateMultipleDataTest"/>
  <system-out/>
</testsuite> <!-- responseValidation.CreateMultipleDataTest -->
