<?xml version="1.0" encoding="UTF-8"?>
<!-- Generated by org.testng.reporters.JUnitReportReporter -->
<testsuite skipped="0" hostname="LAPTOP-C4QLKEEG" name="practiceCRUDWithBDD.GetAllResources" tests="1" failures="0" timestamp="2022-02-10T12:37:59 IST" time="4.689" errors="0">
  <testcase name="getResource" time="4.689" classname="practiceCRUDWithBDD.GetAllResources"/>
  <system-out/>
</testsuite> <!-- practiceCRUDWithBDD.GetAllResources -->
