<?xml version="1.0" encoding="UTF-8"?>
<!-- Generated by org.testng.reporters.JUnitReportReporter -->
<testsuite skipped="0" hostname="LAPTOP-C4QLKEEG" name="Assignment.CreateUser" tests="1" failures="0" timestamp="2022-02-12T00:11:38 IST" time="7.144" errors="0">
  <testcase name="create" time="7.144" classname="Assignment.CreateUser"/>
  <system-out/>
</testsuite> <!-- Assignment.CreateUser -->
