<?xml version="1.0" encoding="UTF-8"?>
<!-- Generated by org.testng.reporters.JUnitReportReporter -->
<testsuite skipped="0" hostname="LAPTOP-C4QLKEEG" name="Assignment.AddSingleProjectWithCreatedStatus" tests="1" failures="0" timestamp="2022-02-11T17:27:29 IST" time="7.905" errors="0">
  <testcase name="addSingleProject" time="7.905" classname="Assignment.AddSingleProjectWithCreatedStatus"/>
  <system-out/>
</testsuite> <!-- Assignment.AddSingleProjectWithCreatedStatus -->
