<?xml version="1.0" encoding="UTF-8"?>
<!-- Generated by org.testng.reporters.JUnitReportReporter -->
<testsuite skipped="0" hostname="LAPTOP-C4QLKEEG" name="practiceCRUDWithoutBDD.GetSingleProject" tests="1" failures="0" timestamp="2022-02-09T21:58:18 IST" time="4.692" errors="0">
  <testcase name="getSingleProject" time="4.692" classname="practiceCRUDWithoutBDD.GetSingleProject"/>
  <system-out/>
</testsuite> <!-- practiceCRUDWithoutBDD.GetSingleProject -->
