<?xml version="1.0" encoding="UTF-8"?>
<!-- Generated by org.testng.reporters.JUnitReportReporter -->
<testsuite skipped="0" hostname="LAPTOP-C4QLKEEG" name="parametersAndAuthentication.PathParametersTest" tests="1" failures="0" timestamp="2022-02-11T12:30:26 IST" time="6.792" errors="0">
  <testcase name="params" time="6.792" classname="parametersAndAuthentication.PathParametersTest"/>
  <system-out/>
</testsuite> <!-- parametersAndAuthentication.PathParametersTest -->
