<?xml version="1.0" encoding="UTF-8"?>
<!-- Generated by org.testng.reporters.JUnitReportReporter -->
<testsuite skipped="0" hostname="LAPTOP-C4QLKEEG" name="parametersAndAuthentication.QueryParameterTest" tests="1" failures="0" timestamp="2022-02-11T12:40:22 IST" time="6.200" errors="0">
  <testcase name="param" time="6.200" classname="parametersAndAuthentication.QueryParameterTest"/>
  <system-out/>
</testsuite> <!-- parametersAndAuthentication.QueryParameterTest -->
