<?xml version="1.0" encoding="UTF-8"?>
<!-- Generated by org.testng.reporters.JUnitReportReporter -->
<testsuite skipped="0" hostname="LAPTOP-C4QLKEEG" name="Assignment.AddProjectWithValidStatus" tests="1" failures="0" timestamp="2022-02-11T18:06:24 IST" time="8.253" errors="0">
  <testcase name="addProject" time="8.253" classname="Assignment.AddProjectWithValidStatus"/>
  <system-out/>
</testsuite> <!-- Assignment.AddProjectWithValidStatus -->
