<?xml version="1.0" encoding="UTF-8"?>
<!-- Generated by org.testng.reporters.JUnitReportReporter -->
<testsuite skipped="0" hostname="LAPTOP-C4QLKEEG" name="practiceCRUDWithBDD.DeleteResource" tests="1" failures="0" timestamp="2022-02-10T12:37:10 IST" time="4.750" errors="0">
  <testcase name="delete" time="4.750" classname="practiceCRUDWithBDD.DeleteResource"/>
  <system-out/>
</testsuite> <!-- practiceCRUDWithBDD.DeleteResource -->
