<?xml version="1.0" encoding="UTF-8"?>
<!-- Generated by org.testng.reporters.JUnitReportReporter -->
<testsuite skipped="0" hostname="LAPTOP-C4QLKEEG" name="Authentication.BasicAuthTest" tests="1" failures="0" timestamp="2022-02-11T16:03:03 IST" time="5.110" errors="0">
  <testcase name="basicAuth" time="5.110" classname="Authentication.BasicAuthTest"/>
  <system-out/>
</testsuite> <!-- Authentication.BasicAuthTest -->
