<?xml version="1.0" encoding="UTF-8"?>
<!-- Generated by org.testng.reporters.JUnitReportReporter -->
<testsuite skipped="0" hostname="LAPTOP-C4QLKEEG" name="waysToPostRequest.CreateAResourceUsingJsonFile" tests="1" failures="0" timestamp="2022-02-10T15:08:05 IST" time="5.259" errors="0">
  <testcase name="create" time="5.259" classname="waysToPostRequest.CreateAResourceUsingJsonFile"/>
  <system-out/>
</testsuite> <!-- waysToPostRequest.CreateAResourceUsingJsonFile -->
