<?xml version="1.0" encoding="UTF-8"?>
<!-- Generated by org.testng.reporters.JUnitReportReporter -->
<testsuite skipped="0" hostname="LAPTOP-C4QLKEEG" name="RequestChaining.PostAndDeleteWithPojo" tests="1" failures="0" timestamp="2022-02-11T15:46:39 IST" time="8.034" errors="0">
  <testcase name="create" time="8.034" classname="RequestChaining.PostAndDeleteWithPojo"/>
  <system-out/>
</testsuite> <!-- RequestChaining.PostAndDeleteWithPojo -->
